<?xml version="1.0" encoding="UTF-8"?>
<testng-results ignored="0" total="1" passed="1" failed="0" skipped="0">
  <reporter-output>
  </reporter-output>
  <suite started-at="2019-12-02T02:37:22Z" name="Command line suite" finished-at="2019-12-02T02:38:35Z" duration-ms="72758">
    <groups>
    </groups>
    <test started-at="2019-12-02T02:37:22Z" name="Command line test" finished-at="2019-12-02T02:38:35Z" duration-ms="72758">
      <class name="example.NewTest">
        <test-method is-config="true" signature="beforeTest()[pri:0, instance:example.NewTest@a67c67e]" started-at="2019-12-01T20:37:22Z" name="beforeTest" finished-at="2019-12-01T20:37:57Z" duration-ms="34818" status="PASS">
          <reporter-output>
          </reporter-output>
        </test-method> <!-- beforeTest -->
        <test-method signature="testEasy()[pri:0, instance:example.NewTest@a67c67e]" started-at="2019-12-01T20:37:57Z" name="testEasy" finished-at="2019-12-01T20:38:34Z" duration-ms="37270" status="PASS">
          <reporter-output>
          </reporter-output>
        </test-method> <!-- testEasy -->
        <test-method is-config="true" signature="afterTest()[pri:0, instance:example.NewTest@a67c67e]" started-at="2019-12-01T20:38:34Z" name="afterTest" finished-at="2019-12-01T20:38:35Z" duration-ms="649" status="PASS">
          <reporter-output>
          </reporter-output>
        </test-method> <!-- afterTest -->
      </class> <!-- example.NewTest -->
    </test> <!-- Command line test -->
  </suite> <!-- Command line suite -->
</testng-results>
